<?xml version="1.0" encoding="UTF-8"?>
<testsuite name="superapp.ApplicationTests" tests="1" skipped="0" failures="0" errors="0" timestamp="2023-04-27T23:07:37" hostname="DESKTOP-7ED0AIC" time="0.872">
  <properties/>
  <testcase name="contextLoads()" classname="superapp.ApplicationTests" time="0.872"/>
  <system-out><![CDATA[02:07:32.071 [Test worker] DEBUG org.springframework.boot.test.context.SpringBootTestContextBootstrapper -- Neither @ContextConfiguration nor @ContextHierarchy found for test class [ApplicationTests]: using SpringBootContextLoader
02:07:32.078 [Test worker] DEBUG org.springframework.test.context.support.AbstractContextLoader -- Could not detect default resource locations for test class [superapp.ApplicationTests]: no resource found for suffixes {-context.xml, Context.groovy}.
02:07:32.079 [Test worker] INFO org.springframework.test.context.support.AnnotationConfigContextLoaderUtils -- Could not detect default configuration classes for test class [superapp.ApplicationTests]: ApplicationTests does not declare any static, non-private, non-final, nested classes annotated with @Configuration.
02:07:32.123 [Test worker] DEBUG org.springframework.boot.test.context.SpringBootTestContextBootstrapper -- Using ContextCustomizers for test class [ApplicationTests]: [DisableObservabilityContextCustomizer, PropertyMappingContextCustomizer, Customizer, ExcludeFilterContextCustomizer, DuplicateJsonObjectContextCustomizer, MockitoContextCustomizer, TestRestTemplateContextCustomizer]
02:07:32.295 [Test worker] DEBUG org.springframework.context.annotation.ClassPathScanningCandidateComponentProvider -- Identified candidate component class: file [C:\Users\LENOVO\git\2023b.liorariely\build\classes\java\main\superapp\Application.class]
02:07:32.308 [Test worker] INFO org.springframework.boot.test.context.SpringBootTestContextBootstrapper -- Found @SpringBootConfiguration superapp.Application for test class superapp.ApplicationTests
02:07:32.523 [Test worker] DEBUG org.springframework.boot.test.context.SpringBootTestContextBootstrapper -- Using TestExecutionListeners for test class [ApplicationTests]: [ServletTestExecutionListener, DirtiesContextBeforeModesTestExecutionListener, ApplicationEventsTestExecutionListener, MockitoTestExecutionListener, DependencyInjectionTestExecutionListener, DirtiesContextTestExecutionListener, TransactionalTestExecutionListener, SqlScriptsTestExecutionListener, EventPublishingTestExecutionListener, RestDocsTestExecutionListener, MockRestServiceServerResetTestExecutionListener, MockMvcPrintOnlyOnFailureTestExecutionListener, WebDriverTestExecutionListener, MockWebServiceServerTestExecutionListener, ResetMocksTestExecutionListener]
02:07:32.525 [Test worker] DEBUG org.springframework.test.context.support.AbstractDirtiesContextTestExecutionListener -- Before test class: class [ApplicationTests], class annotated with @DirtiesContext [false] with mode [null]

  .   ____          _            __ _ _
 /\\ / ___'_ __ _ _(_)_ __  __ _ \ \ \ \
( ( )\___ | '_ | '_| | '_ \/ _` | \ \ \ \
 \\/  ___)| |_)| | | | | || (_| |  ) ) ) )
  '  |____| .__|_| |_|_| |_\__, | / / / /
 =========|_|==============|___/=/_/_/_/
 :: Spring Boot ::                (v3.0.5)

2023-04-28T02:07:33.107+03:00  INFO 8576 --- [    Test worker] superapp.ApplicationTests                : Starting ApplicationTests using Java 18.0.2.1 with PID 8576 (started by LENOVO in C:\Users\LENOVO\git\2023b.liorariely)
2023-04-28T02:07:33.109+03:00  INFO 8576 --- [    Test worker] superapp.ApplicationTests                : No active profile set, falling back to 1 default profile: "default"
2023-04-28T02:07:34.344+03:00  INFO 8576 --- [    Test worker] .s.d.r.c.RepositoryConfigurationDelegate : Bootstrapping Spring Data MongoDB repositories in DEFAULT mode.
2023-04-28T02:07:34.458+03:00  INFO 8576 --- [    Test worker] .s.d.r.c.RepositoryConfigurationDelegate : Finished Spring Data repository scanning in 101 ms. Found 2 MongoDB repository interfaces.
2023-04-28T02:07:35.314+03:00  INFO 8576 --- [    Test worker] org.mongodb.driver.client                : MongoClient with metadata {"driver": {"name": "mongo-java-driver|sync|spring-boot", "version": "4.8.2"}, "os": {"type": "Windows", "name": "Windows 10", "architecture": "amd64", "version": "10.0"}, "platform": "Java/Oracle Corporation/18.0.2.1+1-1"} created with settings MongoClientSettings{readPreference=primary, writeConcern=WriteConcern{w=null, wTimeout=null ms, journal=null}, retryWrites=true, retryReads=true, readConcern=ReadConcern{level=null}, credential=null, streamFactoryFactory=null, commandListeners=[], codecRegistry=ProvidersCodecRegistry{codecProviders=[ValueCodecProvider{}, BsonValueCodecProvider{}, DBRefCodecProvider{}, DBObjectCodecProvider{}, DocumentCodecProvider{}, CollectionCodecProvider{}, IterableCodecProvider{}, MapCodecProvider{}, GeoJsonCodecProvider{}, GridFSFileCodecProvider{}, Jsr310CodecProvider{}, JsonObjectCodecProvider{}, BsonCodecProvider{}, EnumCodecProvider{}, com.mongodb.Jep395RecordCodecProvider@250b5e5b]}, clusterSettings={hosts=[localhost:27017], srvServiceName=mongodb, mode=SINGLE, requiredClusterType=UNKNOWN, requiredReplicaSetName='null', serverSelector='null', clusterListeners='[]', serverSelectionTimeout='30000 ms', localThreshold='30000 ms'}, socketSettings=SocketSettings{connectTimeoutMS=10000, readTimeoutMS=0, receiveBufferSize=0, sendBufferSize=0}, heartbeatSocketSettings=SocketSettings{connectTimeoutMS=10000, readTimeoutMS=10000, receiveBufferSize=0, sendBufferSize=0}, connectionPoolSettings=ConnectionPoolSettings{maxSize=100, minSize=0, maxWaitTimeMS=120000, maxConnectionLifeTimeMS=0, maxConnectionIdleTimeMS=0, maintenanceInitialDelayMS=0, maintenanceFrequencyMS=60000, connectionPoolListeners=[], maxConnecting=2}, serverSettings=ServerSettings{heartbeatFrequencyMS=10000, minHeartbeatFrequencyMS=500, serverListeners='[]', serverMonitorListeners='[]'}, sslSettings=SslSettings{enabled=false, invalidHostNameAllowed=false, context=null}, applicationName='null', compressorList=[], uuidRepresentation=JAVA_LEGACY, serverApi=null, autoEncryptionSettings=null, contextProvider=null}
2023-04-28T02:07:35.351+03:00  INFO 8576 --- [localhost:27017] org.mongodb.driver.cluster               : Monitor thread successfully connected to server with description ServerDescription{address=localhost:27017, type=STANDALONE, state=CONNECTED, ok=true, minWireVersion=0, maxWireVersion=17, maxDocumentSize=16777216, logicalSessionTimeoutMinutes=30, roundTripTimeNanos=55622900}
2023-04-28T02:07:36.685+03:00 TRACE 8576 --- [    Test worker] s.w.s.m.m.a.RequestMappingHandlerMapping : 
	s.AdminController:
	{DELETE [/superapp/admin/objects]}: deleteAllObjects()
	{GET [/superapp/admin/miniapp], produces [application/json]}: miniAppCommands()
	{DELETE [/superapp/admin/miniapp]}: deleteAllCommands()
	{GET [/superapp/admin/users], produces [application/json]}: allUsers()
	{DELETE [/superapp/admin/users]}: deleteAllUsers()
	{GET [/superapp/admin/miniapp/{miniAppName}], produces [application/json]}: specificMiniAppCommands(String)
2023-04-28T02:07:36.694+03:00 TRACE 8576 --- [    Test worker] s.w.s.m.m.a.RequestMappingHandlerMapping : 
	s.MiniAppCommandController:
	{POST [/superapp/miniapp/{miniAppName}], consumes [application/json], produces [application/json]}: invokeCommand(String,MiniAppCommandBoundary)
2023-04-28T02:07:36.703+03:00 TRACE 8576 --- [    Test worker] s.w.s.m.m.a.RequestMappingHandlerMapping : 
	s.ObjectBoundaryController:
	{GET [/superapp/objects/{superapp}/{internalObjectId}], produces [application/json]}: getObject(String,String)
	{POST [/superapp/objects], consumes [application/json], produces [application/json]}: createObject(SuperAppObjectBoundary)
	{PUT [/superapp/objects/{superapp}/{internalObjectId}], consumes [application/json]}: updateObject(String,String,SuperAppObjectBoundary)
	{GET [/superapp/objects], produces [application/json]}: getAllObjects()
2023-04-28T02:07:36.707+03:00 TRACE 8576 --- [    Test worker] s.w.s.m.m.a.RequestMappingHandlerMapping : 
	s.UserController:
	{GET [/superapp/users/login/{superapp}/{email}], produces [application/json]}: login(String,String)
	{POST [/superapp/users], consumes [application/json], produces [application/json]}: createUser(NewUserBoundary)
	{PUT [/superapp/users/{superapp}/{userEmail}], consumes [application/json]}: updateUser(String,String,UserBoundary)
2023-04-28T02:07:36.713+03:00 TRACE 8576 --- [    Test worker] s.w.s.m.m.a.RequestMappingHandlerMapping : 
	o.s.b.a.w.s.e.BasicErrorController:
	{ [/error]}: error(HttpServletRequest)
	{ [/error], produces [text/html]}: errorHtml(HttpServletRequest,HttpServletResponse)
2023-04-28T02:07:36.726+03:00 DEBUG 8576 --- [    Test worker] s.w.s.m.m.a.RequestMappingHandlerMapping : 16 mappings in 'requestMappingHandlerMapping'
2023-04-28T02:07:36.993+03:00  INFO 8576 --- [    Test worker] superapp.ApplicationTests                : Started ApplicationTests in 4.368 seconds (process running for 5.917)
]]></system-out>
  <system-err><![CDATA[****** superapp.logic.mongo.UserManagerMongoDB service initiated
************ MiniAppCommandManagerMongoDB ************ 
]]></system-err>
</testsuite>
